Drill Listing
=============
Drill: .007  Tool: 1  Feed: 0  Speed: 0
X 1992759  Y 1589712
X 1992759  Y 1594527
X 1993128  Y 1600318
X 1992045  Y 1601661
X 1985128  Y 1601943
X 1983128  Y 1605068
X 1982503  Y 1606693
X 1981253  Y 1607943
X 1981003  Y 1609693
X 1982236  Y 1610935
X 1979628  Y 1612443
X 1980274  Y 1618069
X 1978134  Y 1618604
X 1978669  Y 1620387
X 1977421  Y 1621814
X 1979739  Y 1623241
X 1978491  Y 1624668
X 1979918  Y 1626273
X 1979383  Y 1628056
X 1977599  Y 1628591
X 1979204  Y 1632515
X 1983841  Y 1633050
X 1992753  Y 1636568
X 1995753  Y 1644068
X 1998753  Y 1642818
X 1996503  Y 1636718
X 2013563  Y 1624932
X 2015203  Y 1619918
X 2017203  Y 1619918
X 2013403  Y 1619018
X 2014103  Y 1615018
X 2015803  Y 1615018
X 2016253  Y 1611318
X 2014003  Y 1611118
X 2011403  Y 1608018
X 2011623  Y 1605942
X 2013753  Y 1605818
X 2015503  Y 1605818
X 2000427  Y 1602731
X 2004303  Y 1602618
X 1997574  Y 1602196
X 1999714  Y 1601126
X 2004628  Y 1600943
X 2005243  Y 1599343
X 1998253  Y 1597693
X 2007026  Y 1597024
X 1996128  Y 1595443
X 2003753  Y 1593938
X 2007853  Y 1591008
X 2001163  Y 1590618
X 2005003  Y 1587818
X 2031753  Y 1605318
X 2031972  Y 1608195
X 2032065  Y 1610722
X 2031996  Y 1613015
X 2032019  Y 1615284
X 2032065  Y 1617717
X 2019503  Y 1617818
X 2020003  Y 1620068
X 2032003  Y 1620068
X 2018753  Y 1621818
X 2021003  Y 1621818
X 2034343  Y 1631538

Drill: .008  Tool: 2  Feed: 0  Speed: 0
X 2008253  Y 1602568
X 2011003  Y 1614868
X 1984003  Y 1616007
X 2011003  Y 1619218

Drill: .00984  Tool: 3  Feed: 0  Speed: 0
X 1970458  Y 1576661
X 1977661  Y 1576723
X 1974879  Y 1576723
X 1976253  Y 1579568
X 1978753  Y 1579568
X 1973753  Y 1579818
X 1977003  Y 1582318
X 1973753  Y 1582568
X 1975253  Y 1584568
X 1973753  Y 1588318
X 1973716  Y 1593446
X 1992503  Y 1612553
X 1980878  Y 1614443
X 1992503  Y 1618053
X 1983128  Y 1623443
X 1984878  Y 1624818
X 1973753  Y 1628318
X 1975753  Y 1634318
X 1973693  Y 1635048
X 1980628  Y 1635553
X 1977378  Y 1635943
X 1973753  Y 1643178
X 1983503  Y 1644318
X 1988503  Y 1644318
X 1991003  Y 1644318
X 1986003  Y 1644318
X 1977503  Y 1645068
X 1980753  Y 1645818
X 1973503  Y 1646818
X 1987503  Y 1646818
X 1985003  Y 1646818
X 1992503  Y 1646818
X 1976003  Y 1647068
X 1990003  Y 1647068
X 1978753  Y 1647318
X 1982503  Y 1647568
X 1977253  Y 1649318
X 1984603  Y 1649318
X 1988203  Y 1649318
X 1991603  Y 1649318
X 1971503  Y 1649318
X 1980603  Y 1649318
X 1974253  Y 1649318
X 1997253  Y 1649318
X 2000253  Y 1649318
X 2003503  Y 1649318
X 1994503  Y 1649318
X 2010753  Y 1649318
X 2006753  Y 1649318
X 2015753  Y 1649318
X 2013253  Y 1648568
X 2008753  Y 1647818
X 2017753  Y 1647818
X 2005503  Y 1647068
X 2003003  Y 1646818
X 2000253  Y 1646818
X 1995253  Y 1646568
X 2015753  Y 1646318
X 2013003  Y 1646068
X 2010503  Y 1646068
X 1998003  Y 1645568
X 2007503  Y 1645568
X 2000503  Y 1644318
X 2003003  Y 1644318
X 2005503  Y 1644068
X 2018003  Y 1642068
X 2003753  Y 1641818
X 2012253  Y 1641568
X 2015003  Y 1641568
X 2009503  Y 1641318
X 2003003  Y 1639318
X 2012503  Y 1639068
X 2018253  Y 1639068
X 2015253  Y 1638818
X 2010003  Y 1638568
X 2003003  Y 1636818
X 2008003  Y 1636818
X 2012253  Y 1636568
X 2016503  Y 1636568
X 2010003  Y 1635318
X 2014253  Y 1634818
X 2003253  Y 1634318
X 2008003  Y 1633318
X 2016503  Y 1633068
X 2010503  Y 1632818
X 2013003  Y 1632568
X 2003253  Y 1631818
X 2018003  Y 1630818
X 2015003  Y 1630818
X 2010253  Y 1630318
X 2000753  Y 1620803
X 1995253  Y 1620803
X 2000753  Y 1618303
X 1998003  Y 1618053
X 1995253  Y 1618053
X 2003503  Y 1618053
X 1995253  Y 1615303
X 2000753  Y 1615303
X 2017753  Y 1612568
X 1995253  Y 1612553
X 2003503  Y 1612553
X 1998003  Y 1612553
X 2000753  Y 1612553
X 2000753  Y 1609803
X 1995253  Y 1609803
X 2018003  Y 1608818
X 2017753  Y 1604568
X 1996193  Y 1592318
X 1994878  Y 1590318
X 1997753  Y 1589568
X 2002753  Y 1588693
X 1996253  Y 1587693
X 2000003  Y 1587568
X 1993628  Y 1587193
X 2034753  Y 1576818
X 2031753  Y 1576818
X 2037253  Y 1576818
X 2033253  Y 1578818
X 2030253  Y 1578818
X 2031753  Y 1583443
X 2034003  Y 1583678
X 2025128  Y 1587693
X 2021628  Y 1587693
X 2028253  Y 1588568
X 2020753  Y 1592068
X 2024378  Y 1592193
X 2031753  Y 1592193
X 2028878  Y 1592318
X 2021003  Y 1601068
X 2023753  Y 1601068
X 2029003  Y 1601318
X 2026503  Y 1601318
X 2018503  Y 1602068
X 2031003  Y 1603068
X 2023403  Y 1603418
X 2020753  Y 1603568
X 2024753  Y 1605668
X 2022253  Y 1605668
X 2019303  Y 1606618
X 2019503  Y 1610818
X 2028753  Y 1619568
X 2030253  Y 1621568
X 2027003  Y 1621568
X 2031903  Y 1624918
X 2028203  Y 1625018
X 2022753  Y 1625318
X 2025503  Y 1625818
X 2030103  Y 1626718
X 2031703  Y 1628618
X 2026503  Y 1629818
X 2021003  Y 1630818
X 2029003  Y 1632318
X 2023003  Y 1632568
X 2020003  Y 1633318
X 2031253  Y 1634318
X 2025253  Y 1634568
X 2021753  Y 1635068
X 2033503  Y 1635818
X 2019003  Y 1635818
X 2027503  Y 1636318
X 2023753  Y 1636818
X 2021003  Y 1637568
X 2034213  Y 1637958
X 2026253  Y 1638818
X 2030753  Y 1639318
X 2023503  Y 1639568
X 2020753  Y 1640068
X 2028503  Y 1640568
X 2032253  Y 1641568
X 2026003  Y 1641818
X 2023253  Y 1642068
X 2034003  Y 1643053
X 2028503  Y 1643218
X 2020503  Y 1643318
X 2031003  Y 1643818
X 2025503  Y 1644568
X 2022503  Y 1644818
X 2033003  Y 1645318
X 2030003  Y 1646318
X 2024253  Y 1646818
X 2027003  Y 1646818
X 2034503  Y 1647568
X 2030003  Y 1649318
X 2032753  Y 1649318
X 2024253  Y 1649318
X 2036253  Y 1649318
X 2027003  Y 1649318
X 2019503  Y 1649568

Drill: .01  Tool: 4  Feed: 95  Speed: 300
X 1984253  Y 1638818
X 1990753  Y 1638818
X 1990753  Y 1641318
X 1984253  Y 1641318
X 2008753  Y 1627818

Drill: .02165  Tool: 5  Feed: 197  Speed: 550
X 1981475  Y 1574802
X 1986475  Y 1574802
X 1991475  Y 1574802
X 1968503  Y 1580708
X 1968503  Y 1585708
X 1968503  Y 1590708
X 1968503  Y 1595708
X 1968503  Y 1600708
X 1968503  Y 1605708
X 1968503  Y 1610708
X 1968503  Y 1615708
X 1968503  Y 1620708
X 1968503  Y 1625708
X 1968503  Y 1630708
X 1968503  Y 1635708
X 1968503  Y 1640708
X 1968503  Y 1645708
X 1996475  Y 1574802
X 2006475  Y 1574802
X 2011475  Y 1574802
X 2001475  Y 1574802
X 2016475  Y 1574802
X 2021475  Y 1574802
X 2026475  Y 1574802
X 2039383  Y 1580708
X 2039369  Y 1585708
X 2039369  Y 1590708
X 2039369  Y 1595708
X 2039369  Y 1600708
X 2039369  Y 1605708
X 2039369  Y 1610708
X 2039369  Y 1615708
X 2039369  Y 1620708
X 2039369  Y 1625708
X 2039369  Y 1630708
X 2039369  Y 1635708
X 2039369  Y 1640708
X 2039369  Y 1645708

End of Listing
